Using pre-set license
Built from '2020.3/staging' branch; Version is '2020.3.4f1 (0abb6314276a) revision 703331'; Using compiler version '192528614'; Build Type 'Release'
OS: 'Windows 10 Home; OS build 19042.1348; Version 2009; 64bit' Language: 'da' Physical Memory: 32728 MB
BatchMode: 1, IsHumanControllingUs: 0, StartBugReporterOnCrash: 0, Is64bit: 1, IsPro: 0

 COMMAND LINE ARGUMENTS:
C:\Users\mikke\Desktop\Unity\2020.3.4f1\Editor\Unity.exe
-adb2
-batchMode
-noUpm
-name
AssetImportWorker0
-projectPath
C:/Users/mikke/Desktop/NeuralNetworkTutorial/SimpleNeuralNetwork2D
-logFile
Logs/AssetImportWorker0.log
-srvPort
63463
Successfully changed project path to: C:/Users/mikke/Desktop/NeuralNetworkTutorial/SimpleNeuralNetwork2D
C:/Users/mikke/Desktop/NeuralNetworkTutorial/SimpleNeuralNetwork2D
Using Asset Import Pipeline V2.
Refreshing native plugins compatible for Editor in 36.71 ms, found 1 plugins.
Preloading 0 native plugins for Editor in 0.00 ms.
Initialize engine version: 2020.3.4f1 (0abb6314276a)
[Subsystems] Discovering subsystems at path C:/Users/mikke/Desktop/Unity/2020.3.4f1/Editor/Data/Resources/UnitySubsystems
[Subsystems] Discovering subsystems at path C:/Users/mikke/Desktop/NeuralNetworkTutorial/SimpleNeuralNetwork2D/Assets
GfxDevice: creating device client; threaded=0
Direct3D:
    Version:  Direct3D 11.0 [level 11.1]
    Renderer: NVIDIA GeForce GTX 980 Ti (ID=0x17c8)
    Vendor:   
    VRAM:     6097 MB
    Driver:   27.21.14.6089
Initialize mono
Mono path[0] = 'C:/Users/mikke/Desktop/Unity/2020.3.4f1/Editor/Data/Managed'
Mono path[1] = 'C:/Users/mikke/Desktop/Unity/2020.3.4f1/Editor/Data/MonoBleedingEdge/lib/mono/unityjit'
Mono config path = 'C:/Users/mikke/Desktop/Unity/2020.3.4f1/Editor/Data/MonoBleedingEdge/etc'
Using monoOptions --debugger-agent=transport=dt_socket,embedding=1,server=y,suspend=n,address=127.0.0.1:56256
Begin MonoManager ReloadAssembly
Registering precompiled unity dll's ...
Register platform support module: C:/Users/mikke/Desktop/Unity/2020.3.4f1/Editor/Data/PlaybackEngines/WindowsStandaloneSupport/UnityEditor.WindowsStandalone.Extensions.dll
Registered in 0.003716 seconds.
Native extension for WindowsStandalone target not found
Refreshing native plugins compatible for Editor in 44.06 ms, found 1 plugins.
Preloading 0 native plugins for Editor in 0.00 ms.
Mono: successfully reloaded assembly
- Completed reload, in  1.304 seconds
Platform modules already initialized, skipping
Registering precompiled user dll's ...
Registered in 0.001730 seconds.
Begin MonoManager ReloadAssembly
Native extension for WindowsStandalone target not found
Refreshing native plugins compatible for Editor in 47.12 ms, found 1 plugins.
Preloading 0 native plugins for Editor in 0.00 ms.
Mono: successfully reloaded assembly
- Completed reload, in  1.170 seconds
Platform modules already initialized, skipping
========================================================================
Worker process is ready to serve import requests
Launched and connected shader compiler UnityShaderCompiler.exe after 0.06 seconds
Refreshing native plugins compatible for Editor in 0.46 ms, found 1 plugins.
Preloading 0 native plugins for Editor in 0.00 ms.
Unloading 1811 Unused Serialized files (Serialized files now loaded: 0)
System memory in use before: 85.1 MB.
System memory in use after: 85.0 MB.

Unloading 24 unused Assets to reduce memory usage. Loaded Objects now: 2254.
Total: 1.936600 ms (FindLiveObjects: 0.303900 ms CreateObjectMapping: 0.104700 ms MarkObjects: 1.412400 ms  DeleteObjects: 0.114300 ms)

========================================================================
Received Import Request.
  path: Assets/Agent.cs
  artifactKey: Guid(9b8e8054bbae5844aad6ab5d1f86a665) Importer(815301076,1909f56bfc062723c751e8b465ee728b)
Start importing Assets/Agent.cs using Guid(9b8e8054bbae5844aad6ab5d1f86a665) Importer(815301076,1909f56bfc062723c751e8b465ee728b)  -> (artifact id: '0c1f39e607a2c4cb130bb239c6bc721a') in 0.080551 seconds
  Import took 0.084562 seconds .

========================================================================
Received Import Request.
  Time since last request: 8.441194 seconds.
  path: Assets/Agent.cs
  artifactKey: Guid(9b8e8054bbae5844aad6ab5d1f86a665) Importer(815301076,1909f56bfc062723c751e8b465ee728b)
Start importing Assets/Agent.cs using Guid(9b8e8054bbae5844aad6ab5d1f86a665) Importer(815301076,1909f56bfc062723c751e8b465ee728b)  -> (artifact id: '24f8230dd0817575ba90641adc951926') in 0.011071 seconds
  Import took 0.014464 seconds .

========================================================================
Received Prepare
Registering precompiled user dll's ...
Registered in 0.001607 seconds.
Begin MonoManager ReloadAssembly
Native extension for WindowsStandalone target not found
Refreshing native plugins compatible for Editor in 0.30 ms, found 1 plugins.
Preloading 0 native plugins for Editor in 0.00 ms.
Mono: successfully reloaded assembly
- Completed reload, in  0.793 seconds
Platform modules already initialized, skipping
Refreshing native plugins compatible for Editor in 0.31 ms, found 1 plugins.
Preloading 0 native plugins for Editor in 0.00 ms.
Unloading 1806 Unused Serialized files (Serialized files now loaded: 0)
System memory in use before: 85.0 MB.
System memory in use after: 85.0 MB.

Unloading 12 unused Assets to reduce memory usage. Loaded Objects now: 2258.
Total: 1.633300 ms (FindLiveObjects: 0.160400 ms CreateObjectMapping: 0.059400 ms MarkObjects: 1.327900 ms  DeleteObjects: 0.084400 ms)

========================================================================
Received Prepare
Registering precompiled user dll's ...
Registered in 0.001622 seconds.
Begin MonoManager ReloadAssembly
Native extension for WindowsStandalone target not found
Refreshing native plugins compatible for Editor in 0.31 ms, found 1 plugins.
Preloading 0 native plugins for Editor in 0.00 ms.
Mono: successfully reloaded assembly
- Completed reload, in  0.852 seconds
Platform modules already initialized, skipping
Refreshing native plugins compatible for Editor in 0.48 ms, found 1 plugins.
Preloading 0 native plugins for Editor in 0.00 ms.
Unloading 1806 Unused Serialized files (Serialized files now loaded: 0)
System memory in use before: 85.1 MB.
System memory in use after: 85.0 MB.

Unloading 12 unused Assets to reduce memory usage. Loaded Objects now: 2262.
Total: 1.816300 ms (FindLiveObjects: 0.226500 ms CreateObjectMapping: 0.067900 ms MarkObjects: 1.426300 ms  DeleteObjects: 0.094500 ms)

========================================================================
Received Prepare
Registering precompiled user dll's ...
Registered in 0.001599 seconds.
Begin MonoManager ReloadAssembly
Native extension for WindowsStandalone target not found
Refreshing native plugins compatible for Editor in 0.30 ms, found 1 plugins.
Preloading 0 native plugins for Editor in 0.00 ms.
Mono: successfully reloaded assembly
- Completed reload, in  0.770 seconds
Platform modules already initialized, skipping
Refreshing native plugins compatible for Editor in 0.56 ms, found 1 plugins.
Preloading 0 native plugins for Editor in 0.00 ms.
Unloading 1806 Unused Serialized files (Serialized files now loaded: 0)
System memory in use before: 85.1 MB.
System memory in use after: 85.1 MB.

Unloading 12 unused Assets to reduce memory usage. Loaded Objects now: 2266.
Total: 1.972500 ms (FindLiveObjects: 0.172800 ms CreateObjectMapping: 0.063500 ms MarkObjects: 1.645600 ms  DeleteObjects: 0.089200 ms)

========================================================================
Received Import Request.
  Time since last request: 331.330824 seconds.
  path: Assets
  artifactKey: Guid(00000000000000001000000000000000) Importer(815301076,1909f56bfc062723c751e8b465ee728b)
Start importing Assets using Guid(00000000000000001000000000000000) Importer(815301076,1909f56bfc062723c751e8b465ee728b)  -> (artifact id: '025e4f587c23674256bb898581e82961') in 0.008640 seconds
  Import took 0.011091 seconds .

========================================================================
Received Import Request.
  Time since last request: 0.002709 seconds.
  path: Assets
  artifactKey: Guid(00000000000000001000000000000000) Importer(815301076,1909f56bfc062723c751e8b465ee728b)
Start importing Assets using Guid(00000000000000001000000000000000) Importer(815301076,1909f56bfc062723c751e8b465ee728b)  -> (artifact id: '025e4f587c23674256bb898581e82961') in 0.006130 seconds
  Import took 0.008713 seconds .

========================================================================
Received Import Request.
  Time since last request: 3.750141 seconds.
  path: Assets/Scripts.cs
  artifactKey: Guid(b0fcda12e769e764a92874ec1cc79571) Importer(815301076,1909f56bfc062723c751e8b465ee728b)
Start importing Assets/Scripts.cs using Guid(b0fcda12e769e764a92874ec1cc79571) Importer(815301076,1909f56bfc062723c751e8b465ee728b)  -> (artifact id: 'ab13257acf12b1e0bc80bf22b9405eab') in 0.009024 seconds
  Import took 0.012169 seconds .

========================================================================
Received Prepare
Registering precompiled user dll's ...
Registered in 0.002443 seconds.
Begin MonoManager ReloadAssembly
Native extension for WindowsStandalone target not found
Refreshing native plugins compatible for Editor in 0.32 ms, found 1 plugins.
Preloading 0 native plugins for Editor in 0.00 ms.
Mono: successfully reloaded assembly
- Completed reload, in  0.794 seconds
Platform modules already initialized, skipping
Refreshing native plugins compatible for Editor in 0.57 ms, found 1 plugins.
Preloading 0 native plugins for Editor in 0.00 ms.
Unloading 1807 Unused Serialized files (Serialized files now loaded: 0)
System memory in use before: 85.1 MB.
System memory in use after: 85.1 MB.

Unloading 12 unused Assets to reduce memory usage. Loaded Objects now: 2271.
Total: 2.367400 ms (FindLiveObjects: 0.254300 ms CreateObjectMapping: 0.088100 ms MarkObjects: 1.903100 ms  DeleteObjects: 0.121000 ms)

========================================================================
Received Prepare
Registering precompiled user dll's ...
Registered in 0.001599 seconds.
Begin MonoManager ReloadAssembly
Native extension for WindowsStandalone target not found
Refreshing native plugins compatible for Editor in 0.30 ms, found 1 plugins.
Preloading 0 native plugins for Editor in 0.00 ms.
Mono: successfully reloaded assembly
- Completed reload, in  0.768 seconds
Platform modules already initialized, skipping
Refreshing native plugins compatible for Editor in 0.33 ms, found 1 plugins.
Preloading 0 native plugins for Editor in 0.00 ms.
Unloading 1806 Unused Serialized files (Serialized files now loaded: 0)
System memory in use before: 85.1 MB.
System memory in use after: 85.1 MB.

Unloading 13 unused Assets to reduce memory usage. Loaded Objects now: 2274.
Total: 2.342200 ms (FindLiveObjects: 0.181300 ms CreateObjectMapping: 0.056200 ms MarkObjects: 1.967000 ms  DeleteObjects: 0.136700 ms)

========================================================================
Received Import Request.
  Time since last request: 11.678613 seconds.
  path: Assets/Scripts
  artifactKey: Guid(d8c265ebd23a3834e8e1cac05df7341d) Importer(815301076,1909f56bfc062723c751e8b465ee728b)
Start importing Assets/Scripts using Guid(d8c265ebd23a3834e8e1cac05df7341d) Importer(815301076,1909f56bfc062723c751e8b465ee728b)  -> (artifact id: 'ae5afbde698c9b04361e419c0cc45e25') in 0.007924 seconds
  Import took 0.010550 seconds .

========================================================================
Received Import Request.
  Time since last request: 0.003131 seconds.
  path: Assets/Scripts
  artifactKey: Guid(d8c265ebd23a3834e8e1cac05df7341d) Importer(815301076,1909f56bfc062723c751e8b465ee728b)
Start importing Assets/Scripts using Guid(d8c265ebd23a3834e8e1cac05df7341d) Importer(815301076,1909f56bfc062723c751e8b465ee728b)  -> (artifact id: 'ae5afbde698c9b04361e419c0cc45e25') in 0.007530 seconds
  Import took 0.010091 seconds .

========================================================================
Received Import Request.
  Time since last request: 1.525610 seconds.
  path: Assets/Agent.cs
  artifactKey: Guid(9b8e8054bbae5844aad6ab5d1f86a665) Importer(815301076,1909f56bfc062723c751e8b465ee728b)
Start importing Assets/Agent.cs using Guid(9b8e8054bbae5844aad6ab5d1f86a665) Importer(815301076,1909f56bfc062723c751e8b465ee728b)  -> (artifact id: '5035513a4ca86241a2d73476cd9ce244') in 0.005888 seconds
  Import took 0.008431 seconds .

========================================================================
Received Import Request.
  Time since last request: 0.022678 seconds.
  path: Assets/Agent.cs
  artifactKey: Guid(9b8e8054bbae5844aad6ab5d1f86a665) Importer(815301076,1909f56bfc062723c751e8b465ee728b)
Start importing Assets/Agent.cs using Guid(9b8e8054bbae5844aad6ab5d1f86a665) Importer(815301076,1909f56bfc062723c751e8b465ee728b)  -> (artifact id: '5035513a4ca86241a2d73476cd9ce244') in 0.006938 seconds
  Import took 0.009577 seconds .

========================================================================
Received Import Request.
  Time since last request: 0.348773 seconds.
  path: Assets/AgentManager.cs
  artifactKey: Guid(fdbe7fd798bb1574ca48f5db49c587e5) Importer(815301076,1909f56bfc062723c751e8b465ee728b)
Start importing Assets/AgentManager.cs using Guid(fdbe7fd798bb1574ca48f5db49c587e5) Importer(815301076,1909f56bfc062723c751e8b465ee728b)  -> (artifact id: '10858699a5d4132322a29c39bc8b0a33') in 0.007686 seconds
  Import took 0.010241 seconds .

========================================================================
Received Import Request.
  Time since last request: 0.351117 seconds.
  path: Assets/NeuralNetwork.cs
  artifactKey: Guid(0e4b1381dc358e0499e163bda09cdb24) Importer(815301076,1909f56bfc062723c751e8b465ee728b)
Start importing Assets/NeuralNetwork.cs using Guid(0e4b1381dc358e0499e163bda09cdb24) Importer(815301076,1909f56bfc062723c751e8b465ee728b)  -> (artifact id: '846c473e6fddfb1d4f63bb80d44eda4d') in 0.006027 seconds
  Import took 0.008793 seconds .

========================================================================
Received Prepare
Registering precompiled user dll's ...
Registered in 0.001609 seconds.
Begin MonoManager ReloadAssembly
Native extension for WindowsStandalone target not found
Refreshing native plugins compatible for Editor in 0.29 ms, found 1 plugins.
Preloading 0 native plugins for Editor in 0.00 ms.
Mono: successfully reloaded assembly
- Completed reload, in  0.754 seconds
Platform modules already initialized, skipping
Refreshing native plugins compatible for Editor in 0.55 ms, found 1 plugins.
Preloading 0 native plugins for Editor in 0.00 ms.
Unloading 1806 Unused Serialized files (Serialized files now loaded: 0)
System memory in use before: 85.1 MB.
System memory in use after: 85.1 MB.

Unloading 12 unused Assets to reduce memory usage. Loaded Objects now: 2278.
Total: 4.866100 ms (FindLiveObjects: 1.616200 ms CreateObjectMapping: 0.765700 ms MarkObjects: 2.334600 ms  DeleteObjects: 0.148200 ms)

========================================================================
Received Import Request.
  Time since last request: 7.710543 seconds.
  path: Assets/Prefabs
  artifactKey: Guid(81083475eb9890e4eb561ae887543810) Importer(815301076,1909f56bfc062723c751e8b465ee728b)
Start importing Assets/Prefabs using Guid(81083475eb9890e4eb561ae887543810) Importer(815301076,1909f56bfc062723c751e8b465ee728b)  -> (artifact id: '590ef7e7d33ce6ba7947b49b39668990') in 0.009403 seconds
  Import took 0.011903 seconds .

========================================================================
Received Import Request.
  Time since last request: 0.001778 seconds.
  path: Assets/Prefabs
  artifactKey: Guid(81083475eb9890e4eb561ae887543810) Importer(815301076,1909f56bfc062723c751e8b465ee728b)
Start importing Assets/Prefabs using Guid(81083475eb9890e4eb561ae887543810) Importer(815301076,1909f56bfc062723c751e8b465ee728b)  -> (artifact id: '590ef7e7d33ce6ba7947b49b39668990') in 0.006327 seconds
  Import took 0.008751 seconds .

========================================================================
Received Import Request.
  Time since last request: 5.925508 seconds.
  path: Assets/Sprites
  artifactKey: Guid(358a5bbf388e03c479ff8418c28500a2) Importer(815301076,1909f56bfc062723c751e8b465ee728b)
Start importing Assets/Sprites using Guid(358a5bbf388e03c479ff8418c28500a2) Importer(815301076,1909f56bfc062723c751e8b465ee728b)  -> (artifact id: '3c862c6de5dc8c4be985f13fc908b8bd') in 0.008522 seconds
  Import took 0.011576 seconds .

========================================================================
Received Prepare
Registering precompiled user dll's ...
Registered in 0.001584 seconds.
Begin MonoManager ReloadAssembly
Native extension for WindowsStandalone target not found
Refreshing native plugins compatible for Editor in 0.30 ms, found 1 plugins.
Preloading 0 native plugins for Editor in 0.00 ms.
Mono: successfully reloaded assembly
- Completed reload, in  0.789 seconds
Platform modules already initialized, skipping
Refreshing native plugins compatible for Editor in 0.31 ms, found 1 plugins.
Preloading 0 native plugins for Editor in 0.00 ms.
Unloading 1806 Unused Serialized files (Serialized files now loaded: 0)
System memory in use before: 85.1 MB.
System memory in use after: 85.1 MB.

Unloading 12 unused Assets to reduce memory usage. Loaded Objects now: 2282.
Total: 1.775300 ms (FindLiveObjects: 0.174400 ms CreateObjectMapping: 0.057500 ms MarkObjects: 1.440500 ms  DeleteObjects: 0.101700 ms)

========================================================================
Received Prepare
Registering precompiled user dll's ...
Registered in 0.001751 seconds.
Begin MonoManager ReloadAssembly
Native extension for WindowsStandalone target not found
Refreshing native plugins compatible for Editor in 0.31 ms, found 1 plugins.
Preloading 0 native plugins for Editor in 0.00 ms.
Mono: successfully reloaded assembly
- Completed reload, in  0.813 seconds
Platform modules already initialized, skipping
Refreshing native plugins compatible for Editor in 0.31 ms, found 1 plugins.
Preloading 0 native plugins for Editor in 0.00 ms.
Unloading 1806 Unused Serialized files (Serialized files now loaded: 0)
System memory in use before: 85.1 MB.
System memory in use after: 85.1 MB.

Unloading 12 unused Assets to reduce memory usage. Loaded Objects now: 2286.
Total: 1.755400 ms (FindLiveObjects: 0.235600 ms CreateObjectMapping: 0.084300 ms MarkObjects: 1.339200 ms  DeleteObjects: 0.095000 ms)

========================================================================
Received Prepare
Registering precompiled user dll's ...
Registered in 0.001591 seconds.
Begin MonoManager ReloadAssembly
Native extension for WindowsStandalone target not found
Refreshing native plugins compatible for Editor in 0.31 ms, found 1 plugins.
Preloading 0 native plugins for Editor in 0.00 ms.
Mono: successfully reloaded assembly
- Completed reload, in  0.787 seconds
Platform modules already initialized, skipping
Refreshing native plugins compatible for Editor in 0.31 ms, found 1 plugins.
Preloading 0 native plugins for Editor in 0.00 ms.
Unloading 1806 Unused Serialized files (Serialized files now loaded: 0)
System memory in use before: 85.2 MB.
System memory in use after: 85.1 MB.

Unloading 12 unused Assets to reduce memory usage. Loaded Objects now: 2290.
Total: 1.876100 ms (FindLiveObjects: 0.154000 ms CreateObjectMapping: 0.060100 ms MarkObjects: 1.562300 ms  DeleteObjects: 0.098600 ms)

========================================================================
Received Prepare
Registering precompiled user dll's ...
Registered in 0.001592 seconds.
Begin MonoManager ReloadAssembly
Native extension for WindowsStandalone target not found
Refreshing native plugins compatible for Editor in 0.30 ms, found 1 plugins.
Preloading 0 native plugins for Editor in 0.00 ms.
Mono: successfully reloaded assembly
- Completed reload, in  0.766 seconds
Platform modules already initialized, skipping
Refreshing native plugins compatible for Editor in 0.58 ms, found 1 plugins.
Preloading 0 native plugins for Editor in 0.00 ms.
Unloading 1806 Unused Serialized files (Serialized files now loaded: 0)
System memory in use before: 85.2 MB.
System memory in use after: 85.1 MB.

Unloading 12 unused Assets to reduce memory usage. Loaded Objects now: 2294.
Total: 1.997400 ms (FindLiveObjects: 0.259000 ms CreateObjectMapping: 0.081500 ms MarkObjects: 1.554200 ms  DeleteObjects: 0.101500 ms)

========================================================================
Received Prepare
Registering precompiled user dll's ...
Registered in 0.001633 seconds.
Begin MonoManager ReloadAssembly
Native extension for WindowsStandalone target not found
Refreshing native plugins compatible for Editor in 0.31 ms, found 1 plugins.
Preloading 0 native plugins for Editor in 0.00 ms.
Mono: successfully reloaded assembly
- Completed reload, in  0.780 seconds
Platform modules already initialized, skipping
Refreshing native plugins compatible for Editor in 0.32 ms, found 1 plugins.
Preloading 0 native plugins for Editor in 0.00 ms.
Unloading 1806 Unused Serialized files (Serialized files now loaded: 0)
System memory in use before: 85.2 MB.
System memory in use after: 85.1 MB.

Unloading 12 unused Assets to reduce memory usage. Loaded Objects now: 2298.
Total: 1.891000 ms (FindLiveObjects: 0.234100 ms CreateObjectMapping: 0.081600 ms MarkObjects: 1.483900 ms  DeleteObjects: 0.090500 ms)

========================================================================
Received Prepare
Registering precompiled user dll's ...
Registered in 0.001602 seconds.
Begin MonoManager ReloadAssembly
Native extension for WindowsStandalone target not found
Refreshing native plugins compatible for Editor in 0.30 ms, found 1 plugins.
Preloading 0 native plugins for Editor in 0.00 ms.
Mono: successfully reloaded assembly
- Completed reload, in  0.771 seconds
Platform modules already initialized, skipping
Refreshing native plugins compatible for Editor in 0.45 ms, found 1 plugins.
Preloading 0 native plugins for Editor in 0.00 ms.
Unloading 1806 Unused Serialized files (Serialized files now loaded: 0)
System memory in use before: 85.2 MB.
System memory in use after: 85.2 MB.

Unloading 12 unused Assets to reduce memory usage. Loaded Objects now: 2302.
Total: 1.938300 ms (FindLiveObjects: 0.163100 ms CreateObjectMapping: 0.061800 ms MarkObjects: 1.619500 ms  DeleteObjects: 0.093100 ms)

========================================================================
Received Prepare
Registering precompiled user dll's ...
Registered in 0.001814 seconds.
Begin MonoManager ReloadAssembly
Native extension for WindowsStandalone target not found
Refreshing native plugins compatible for Editor in 0.31 ms, found 1 plugins.
Preloading 0 native plugins for Editor in 0.00 ms.
Mono: successfully reloaded assembly
- Completed reload, in  0.801 seconds
Platform modules already initialized, skipping
Refreshing native plugins compatible for Editor in 0.30 ms, found 1 plugins.
Preloading 0 native plugins for Editor in 0.00 ms.
Unloading 1806 Unused Serialized files (Serialized files now loaded: 0)
System memory in use before: 85.2 MB.
System memory in use after: 85.2 MB.

Unloading 12 unused Assets to reduce memory usage. Loaded Objects now: 2306.
Total: 1.866400 ms (FindLiveObjects: 0.181800 ms CreateObjectMapping: 0.058300 ms MarkObjects: 1.530600 ms  DeleteObjects: 0.094900 ms)

========================================================================
Received Prepare
Registering precompiled user dll's ...
Registered in 0.001596 seconds.
Begin MonoManager ReloadAssembly
Native extension for WindowsStandalone target not found
Refreshing native plugins compatible for Editor in 0.40 ms, found 1 plugins.
Preloading 0 native plugins for Editor in 0.00 ms.
Mono: successfully reloaded assembly
- Completed reload, in  0.757 seconds
Platform modules already initialized, skipping
Refreshing native plugins compatible for Editor in 0.51 ms, found 1 plugins.
Preloading 0 native plugins for Editor in 0.00 ms.
Unloading 1806 Unused Serialized files (Serialized files now loaded: 0)
System memory in use before: 85.2 MB.
System memory in use after: 85.2 MB.

Unloading 12 unused Assets to reduce memory usage. Loaded Objects now: 2310.
Total: 1.858000 ms (FindLiveObjects: 0.311100 ms CreateObjectMapping: 0.095200 ms MarkObjects: 1.355100 ms  DeleteObjects: 0.095900 ms)

========================================================================
Received Prepare
Registering precompiled user dll's ...
Registered in 0.001619 seconds.
Begin MonoManager ReloadAssembly
Native extension for WindowsStandalone target not found
Refreshing native plugins compatible for Editor in 0.30 ms, found 1 plugins.
Preloading 0 native plugins for Editor in 0.00 ms.
Mono: successfully reloaded assembly
- Completed reload, in  0.916 seconds
Platform modules already initialized, skipping
Refreshing native plugins compatible for Editor in 0.55 ms, found 1 plugins.
Preloading 0 native plugins for Editor in 0.00 ms.
Unloading 1806 Unused Serialized files (Serialized files now loaded: 0)
System memory in use before: 85.2 MB.
System memory in use after: 85.2 MB.

Unloading 12 unused Assets to reduce memory usage. Loaded Objects now: 2314.
Total: 1.912700 ms (FindLiveObjects: 0.263000 ms CreateObjectMapping: 0.059300 ms MarkObjects: 1.490000 ms  DeleteObjects: 0.098000 ms)

========================================================================
Received Prepare
Registering precompiled user dll's ...
Registered in 0.001576 seconds.
Begin MonoManager ReloadAssembly
Native extension for WindowsStandalone target not found
Refreshing native plugins compatible for Editor in 0.34 ms, found 1 plugins.
Preloading 0 native plugins for Editor in 0.00 ms.
Mono: successfully reloaded assembly
- Completed reload, in  0.880 seconds
Platform modules already initialized, skipping
Refreshing native plugins compatible for Editor in 0.53 ms, found 1 plugins.
Preloading 0 native plugins for Editor in 0.00 ms.
Unloading 1806 Unused Serialized files (Serialized files now loaded: 0)
System memory in use before: 85.2 MB.
System memory in use after: 85.2 MB.

Unloading 12 unused Assets to reduce memory usage. Loaded Objects now: 2318.
Total: 2.050100 ms (FindLiveObjects: 0.275300 ms CreateObjectMapping: 0.103900 ms MarkObjects: 1.575300 ms  DeleteObjects: 0.094600 ms)

========================================================================
Received Prepare
Registering precompiled user dll's ...
Registered in 0.001603 seconds.
Begin MonoManager ReloadAssembly
Native extension for WindowsStandalone target not found
Refreshing native plugins compatible for Editor in 0.29 ms, found 1 plugins.
Preloading 0 native plugins for Editor in 0.00 ms.
Mono: successfully reloaded assembly
- Completed reload, in  0.798 seconds
Platform modules already initialized, skipping
Refreshing native plugins compatible for Editor in 0.48 ms, found 1 plugins.
Preloading 0 native plugins for Editor in 0.00 ms.
Unloading 1806 Unused Serialized files (Serialized files now loaded: 0)
System memory in use before: 85.2 MB.
System memory in use after: 85.2 MB.

Unloading 12 unused Assets to reduce memory usage. Loaded Objects now: 2322.
Total: 1.916900 ms (FindLiveObjects: 0.172900 ms CreateObjectMapping: 0.056400 ms MarkObjects: 1.587900 ms  DeleteObjects: 0.098900 ms)

========================================================================
Received Prepare
Registering precompiled user dll's ...
Registered in 0.001644 seconds.
Begin MonoManager ReloadAssembly
Native extension for WindowsStandalone target not found
Refreshing native plugins compatible for Editor in 0.31 ms, found 1 plugins.
Preloading 0 native plugins for Editor in 0.00 ms.
Mono: successfully reloaded assembly
- Completed reload, in  0.806 seconds
Platform modules already initialized, skipping
Refreshing native plugins compatible for Editor in 0.29 ms, found 1 plugins.
Preloading 0 native plugins for Editor in 0.00 ms.
Unloading 1806 Unused Serialized files (Serialized files now loaded: 0)
System memory in use before: 85.2 MB.
System memory in use after: 85.2 MB.

Unloading 12 unused Assets to reduce memory usage. Loaded Objects now: 2326.
Total: 1.940200 ms (FindLiveObjects: 0.210200 ms CreateObjectMapping: 0.063400 ms MarkObjects: 1.573100 ms  DeleteObjects: 0.092600 ms)

========================================================================
Received Prepare
Registering precompiled user dll's ...
Registered in 0.001602 seconds.
Begin MonoManager ReloadAssembly
Native extension for WindowsStandalone target not found
Refreshing native plugins compatible for Editor in 0.30 ms, found 1 plugins.
Preloading 0 native plugins for Editor in 0.00 ms.
Mono: successfully reloaded assembly
- Completed reload, in  0.778 seconds
Platform modules already initialized, skipping
Refreshing native plugins compatible for Editor in 0.63 ms, found 1 plugins.
Preloading 0 native plugins for Editor in 0.00 ms.
Unloading 1806 Unused Serialized files (Serialized files now loaded: 0)
System memory in use before: 85.2 MB.
System memory in use after: 85.2 MB.

Unloading 12 unused Assets to reduce memory usage. Loaded Objects now: 2330.
Total: 1.794800 ms (FindLiveObjects: 0.187600 ms CreateObjectMapping: 0.067300 ms MarkObjects: 1.446200 ms  DeleteObjects: 0.093100 ms)

========================================================================
Received Import Request.
  Time since last request: 1537.747110 seconds.
  path: Assets/Scripts/AgentManager.cs
  artifactKey: Guid(fdbe7fd798bb1574ca48f5db49c587e5) Importer(815301076,1909f56bfc062723c751e8b465ee728b)
Start importing Assets/Scripts/AgentManager.cs using Guid(fdbe7fd798bb1574ca48f5db49c587e5) Importer(815301076,1909f56bfc062723c751e8b465ee728b)  -> (artifact id: 'b19d97ed1db488c4753b931294a99249') in 0.007242 seconds
  Import took 0.009768 seconds .

========================================================================
Received Import Request.
  Time since last request: 1.021622 seconds.
  path: Assets/Scripts/Agent.cs
  artifactKey: Guid(9b8e8054bbae5844aad6ab5d1f86a665) Importer(815301076,1909f56bfc062723c751e8b465ee728b)
Start importing Assets/Scripts/Agent.cs using Guid(9b8e8054bbae5844aad6ab5d1f86a665) Importer(815301076,1909f56bfc062723c751e8b465ee728b)  -> (artifact id: 'cd4254b74e812d8ff42d7b673ef19380') in 0.005237 seconds
  Import took 0.008218 seconds .

========================================================================
Received Prepare
Registering precompiled user dll's ...
Registered in 0.001633 seconds.
Begin MonoManager ReloadAssembly
Native extension for WindowsStandalone target not found
Refreshing native plugins compatible for Editor in 0.30 ms, found 1 plugins.
Preloading 0 native plugins for Editor in 0.00 ms.
Mono: successfully reloaded assembly
- Completed reload, in  0.770 seconds
Platform modules already initialized, skipping
Refreshing native plugins compatible for Editor in 0.32 ms, found 1 plugins.
Preloading 0 native plugins for Editor in 0.00 ms.
Unloading 1806 Unused Serialized files (Serialized files now loaded: 0)
System memory in use before: 85.2 MB.
System memory in use after: 85.2 MB.

Unloading 12 unused Assets to reduce memory usage. Loaded Objects now: 2334.
Total: 1.950100 ms (FindLiveObjects: 0.172700 ms CreateObjectMapping: 0.063500 ms MarkObjects: 1.622700 ms  DeleteObjects: 0.090600 ms)

========================================================================
Received Import Request.
  Time since last request: 35.859958 seconds.
  path: Assets/Scripts/Agent.cs
  artifactKey: Guid(9b8e8054bbae5844aad6ab5d1f86a665) Importer(815301076,1909f56bfc062723c751e8b465ee728b)
Start importing Assets/Scripts/Agent.cs using Guid(9b8e8054bbae5844aad6ab5d1f86a665) Importer(815301076,1909f56bfc062723c751e8b465ee728b)  -> (artifact id: 'fcbadf29d952518d08fd63a5cf83dfe5') in 0.007091 seconds
  Import took 0.009763 seconds .

========================================================================
Received Import Request.
  Time since last request: 0.001643 seconds.
  path: Assets/Scripts/Agent.cs
  artifactKey: Guid(9b8e8054bbae5844aad6ab5d1f86a665) Importer(815301076,1909f56bfc062723c751e8b465ee728b)
Start importing Assets/Scripts/Agent.cs using Guid(9b8e8054bbae5844aad6ab5d1f86a665) Importer(815301076,1909f56bfc062723c751e8b465ee728b)  -> (artifact id: 'fcbadf29d952518d08fd63a5cf83dfe5') in 0.005072 seconds
  Import took 0.007540 seconds .

========================================================================
Received Prepare
Registering precompiled user dll's ...
Registered in 0.001597 seconds.
Begin MonoManager ReloadAssembly
Native extension for WindowsStandalone target not found
Refreshing native plugins compatible for Editor in 0.32 ms, found 1 plugins.
Preloading 0 native plugins for Editor in 0.00 ms.
Mono: successfully reloaded assembly
- Completed reload, in  0.777 seconds
Platform modules already initialized, skipping
Refreshing native plugins compatible for Editor in 0.51 ms, found 1 plugins.
Preloading 0 native plugins for Editor in 0.00 ms.
Unloading 1806 Unused Serialized files (Serialized files now loaded: 0)
System memory in use before: 85.3 MB.
System memory in use after: 85.2 MB.

Unloading 12 unused Assets to reduce memory usage. Loaded Objects now: 2338.
Total: 1.922100 ms (FindLiveObjects: 0.157800 ms CreateObjectMapping: 0.062800 ms MarkObjects: 1.603600 ms  DeleteObjects: 0.096400 ms)

========================================================================
Received Import Request.
  Time since last request: 106.678658 seconds.
  path: Assets/Scripts/Agent.cs
  artifactKey: Guid(9b8e8054bbae5844aad6ab5d1f86a665) Importer(815301076,1909f56bfc062723c751e8b465ee728b)
Start importing Assets/Scripts/Agent.cs using Guid(9b8e8054bbae5844aad6ab5d1f86a665) Importer(815301076,1909f56bfc062723c751e8b465ee728b)  -> (artifact id: '29b5717b11225854f502e025fa636f31') in 0.007154 seconds
  Import took 0.009975 seconds .

========================================================================
Received Import Request.
  Time since last request: 0.002434 seconds.
  path: Assets/Scripts/Agent.cs
  artifactKey: Guid(9b8e8054bbae5844aad6ab5d1f86a665) Importer(815301076,1909f56bfc062723c751e8b465ee728b)
Start importing Assets/Scripts/Agent.cs using Guid(9b8e8054bbae5844aad6ab5d1f86a665) Importer(815301076,1909f56bfc062723c751e8b465ee728b)  -> (artifact id: '29b5717b11225854f502e025fa636f31') in 0.005200 seconds
  Import took 0.008002 seconds .

========================================================================
Received Prepare
Registering precompiled user dll's ...
Registered in 0.001593 seconds.
Begin MonoManager ReloadAssembly
Native extension for WindowsStandalone target not found
Refreshing native plugins compatible for Editor in 0.30 ms, found 1 plugins.
Preloading 0 native plugins for Editor in 0.00 ms.
Mono: successfully reloaded assembly
- Completed reload, in  0.801 seconds
Platform modules already initialized, skipping
Refreshing native plugins compatible for Editor in 0.31 ms, found 1 plugins.
Preloading 0 native plugins for Editor in 0.00 ms.
Unloading 1806 Unused Serialized files (Serialized files now loaded: 0)
System memory in use before: 85.3 MB.
System memory in use after: 85.2 MB.

Unloading 12 unused Assets to reduce memory usage. Loaded Objects now: 2342.
Total: 1.890000 ms (FindLiveObjects: 0.178900 ms CreateObjectMapping: 0.064600 ms MarkObjects: 1.550800 ms  DeleteObjects: 0.094700 ms)

========================================================================
Received Import Request.
  Time since last request: 141.714959 seconds.
  path: Assets/Scripts/Agent.cs
  artifactKey: Guid(9b8e8054bbae5844aad6ab5d1f86a665) Importer(815301076,1909f56bfc062723c751e8b465ee728b)
Start importing Assets/Scripts/Agent.cs using Guid(9b8e8054bbae5844aad6ab5d1f86a665) Importer(815301076,1909f56bfc062723c751e8b465ee728b)  -> (artifact id: 'b9d5dc4c99e50dd3d92c690060110773') in 0.007151 seconds
  Import took 0.009853 seconds .

========================================================================
Received Import Request.
  Time since last request: 0.001404 seconds.
  path: Assets/Scripts/Agent.cs
  artifactKey: Guid(9b8e8054bbae5844aad6ab5d1f86a665) Importer(815301076,1909f56bfc062723c751e8b465ee728b)
Start importing Assets/Scripts/Agent.cs using Guid(9b8e8054bbae5844aad6ab5d1f86a665) Importer(815301076,1909f56bfc062723c751e8b465ee728b)  -> (artifact id: 'b9d5dc4c99e50dd3d92c690060110773') in 0.034704 seconds
  Import took 0.037404 seconds .

========================================================================
Received Prepare
Registering precompiled user dll's ...
Registered in 0.001748 seconds.
Begin MonoManager ReloadAssembly
Native extension for WindowsStandalone target not found
Refreshing native plugins compatible for Editor in 0.30 ms, found 1 plugins.
Preloading 0 native plugins for Editor in 0.00 ms.
Mono: successfully reloaded assembly
- Completed reload, in  0.763 seconds
Platform modules already initialized, skipping
Refreshing native plugins compatible for Editor in 0.50 ms, found 1 plugins.
Preloading 0 native plugins for Editor in 0.00 ms.
Unloading 1806 Unused Serialized files (Serialized files now loaded: 0)
System memory in use before: 85.3 MB.
System memory in use after: 85.3 MB.

Unloading 12 unused Assets to reduce memory usage. Loaded Objects now: 2346.
Total: 5.389100 ms (FindLiveObjects: 0.677900 ms CreateObjectMapping: 0.434000 ms MarkObjects: 4.060900 ms  DeleteObjects: 0.214900 ms)

========================================================================
Received Import Request.
  Time since last request: 56.160361 seconds.
  path: Assets/Scripts/Agent.cs
  artifactKey: Guid(9b8e8054bbae5844aad6ab5d1f86a665) Importer(815301076,1909f56bfc062723c751e8b465ee728b)
Start importing Assets/Scripts/Agent.cs using Guid(9b8e8054bbae5844aad6ab5d1f86a665) Importer(815301076,1909f56bfc062723c751e8b465ee728b)  -> (artifact id: 'e7694e031939563ffdfe8c2801be4c28') in 0.006952 seconds
  Import took 0.009534 seconds .

========================================================================
Received Import Request.
  Time since last request: 0.002034 seconds.
  path: Assets/Scripts/Agent.cs
  artifactKey: Guid(9b8e8054bbae5844aad6ab5d1f86a665) Importer(815301076,1909f56bfc062723c751e8b465ee728b)
Start importing Assets/Scripts/Agent.cs using Guid(9b8e8054bbae5844aad6ab5d1f86a665) Importer(815301076,1909f56bfc062723c751e8b465ee728b)  -> (artifact id: 'e7694e031939563ffdfe8c2801be4c28') in 0.005284 seconds
  Import took 0.008267 seconds .

========================================================================
Received Prepare
Registering precompiled user dll's ...
Registered in 0.002700 seconds.
Begin MonoManager ReloadAssembly
Native extension for WindowsStandalone target not found
Refreshing native plugins compatible for Editor in 0.29 ms, found 1 plugins.
Preloading 0 native plugins for Editor in 0.00 ms.
Mono: successfully reloaded assembly
- Completed reload, in  0.759 seconds
Platform modules already initialized, skipping
Refreshing native plugins compatible for Editor in 0.30 ms, found 1 plugins.
Preloading 0 native plugins for Editor in 0.00 ms.
Unloading 1806 Unused Serialized files (Serialized files now loaded: 0)
System memory in use before: 85.3 MB.
System memory in use after: 85.3 MB.

Unloading 12 unused Assets to reduce memory usage. Loaded Objects now: 2350.
Total: 2.221700 ms (FindLiveObjects: 0.316000 ms CreateObjectMapping: 0.099400 ms MarkObjects: 1.587300 ms  DeleteObjects: 0.218100 ms)

========================================================================
Received Import Request.
  Time since last request: 144.851391 seconds.
  path: Assets/Scripts/Agent.cs
  artifactKey: Guid(9b8e8054bbae5844aad6ab5d1f86a665) Importer(815301076,1909f56bfc062723c751e8b465ee728b)
Start importing Assets/Scripts/Agent.cs using Guid(9b8e8054bbae5844aad6ab5d1f86a665) Importer(815301076,1909f56bfc062723c751e8b465ee728b)  -> (artifact id: '0cde78481988936e3c1869167525f201') in 0.007097 seconds
  Import took 0.009761 seconds .

========================================================================
Received Import Request.
  Time since last request: 0.001334 seconds.
  path: Assets/Scripts/Agent.cs
  artifactKey: Guid(9b8e8054bbae5844aad6ab5d1f86a665) Importer(815301076,1909f56bfc062723c751e8b465ee728b)
Start importing Assets/Scripts/Agent.cs using Guid(9b8e8054bbae5844aad6ab5d1f86a665) Importer(815301076,1909f56bfc062723c751e8b465ee728b)  -> (artifact id: '0cde78481988936e3c1869167525f201') in 0.005692 seconds
  Import took 0.008884 seconds .

========================================================================
Received Prepare
Registering precompiled user dll's ...
Registered in 0.001599 seconds.
Begin MonoManager ReloadAssembly
Native extension for WindowsStandalone target not found
Refreshing native plugins compatible for Editor in 0.30 ms, found 1 plugins.
Preloading 0 native plugins for Editor in 0.00 ms.
Mono: successfully reloaded assembly
- Completed reload, in  0.765 seconds
Platform modules already initialized, skipping
Refreshing native plugins compatible for Editor in 0.30 ms, found 1 plugins.
Preloading 0 native plugins for Editor in 0.00 ms.
Unloading 1806 Unused Serialized files (Serialized files now loaded: 0)
System memory in use before: 85.3 MB.
System memory in use after: 85.3 MB.

Unloading 12 unused Assets to reduce memory usage. Loaded Objects now: 2354.
Total: 1.674700 ms (FindLiveObjects: 0.152100 ms CreateObjectMapping: 0.052100 ms MarkObjects: 1.374600 ms  DeleteObjects: 0.094900 ms)

========================================================================
Received Import Request.
  Time since last request: 1183.670544 seconds.
  path: Assets/Scripts/Agent.cs
  artifactKey: Guid(9b8e8054bbae5844aad6ab5d1f86a665) Importer(815301076,1909f56bfc062723c751e8b465ee728b)
Start importing Assets/Scripts/Agent.cs using Guid(9b8e8054bbae5844aad6ab5d1f86a665) Importer(815301076,1909f56bfc062723c751e8b465ee728b)  -> (artifact id: '6e777fd9ee5c343a0c49e4bc8e410110') in 0.006335 seconds
  Import took 0.008825 seconds .

AssetImportWorkerClient::OnTransportError - code=2 error=End of file
